# JRE version: OpenJDK Runtime Environment Temurin-17.0.3+7 (17.0.3+7) (build 17.0.3+7)
# Java VM: OpenJDK 64-Bit Server VM Temurin-17.0.3+7 (17.0.3+7, mixed mode, sharing, tiered, compressed oops, compressed class ptrs, g1 gc, windows-amd64)
GC Precious Log:
 CPUs: 8 total, 8 available
 Memory: 16214M
 Large Page Support: Disabled
 NUMA Support: Disabled
 Compressed Oops: Enabled (Zero based)
 Heap Region Size: 2M
 Heap Min Capacity: 512M
 Heap Initial Capacity: 512M
 Heap Max Capacity: 4072M
 Pre-touch: Disabled
 Parallel Workers: 8
 Concurrent Workers: 2
 Concurrent Refinement Workers: 8
 Periodic GC: Disabled
 String Deduplication is enabled
Heap:
 garbage-first heap   total 524288K, used 155687K [0x0000000701800000, 0x0000000800000000)
  region size 2048K, 20 young (40960K), 1 survivors (2048K)
 Metaspace       used 93924K, committed 94592K, reserved 1130496K
  class space    used 12637K, committed 13056K, reserved 1048576K
GC Heap History (20 events):
Event: 7025.005 GC heap before
{Heap before GC invocations=243 (full 111):
 garbage-first heap   total 524288K, used 136698K [0x0000000701800000, 0x0000000800000000)
  region size 2048K, 5 young (10240K), 0 survivors (0K)
 Metaspace       used 93285K, committed 94016K, reserved 1130496K
  class space    used 12573K, committed 13056K, reserved 1048576K
}
Event: 7025.068 GC heap after
{Heap after GC invocations=244 (full 112):
 garbage-first heap   total 524288K, used 120316K [0x0000000701800000, 0x0000000800000000)
  region size 2048K, 0 young (0K), 0 survivors (0K)
 Metaspace       used 93285K, committed 94016K, reserved 1130496K
  class space    used 12573K, committed 13056K, reserved 1048576K
}
Event: 7028.088 GC heap before
{Heap before GC invocations=244 (full 112):
 garbage-first heap   total 524288K, used 124412K [0x0000000701800000, 0x0000000800000000)
  region size 2048K, 3 young (6144K), 0 survivors (0K)
 Metaspace       used 93287K, committed 94016K, reserved 1130496K
  class space    used 12573K, committed 13056K, reserved 1048576K
}
Event: 7028.154 GC heap after
{Heap after GC invocations=245 (full 113):
 garbage-first heap   total 524288K, used 120322K [0x0000000701800000, 0x0000000800000000)
  region size 2048K, 0 young (0K), 0 survivors (0K)
 Metaspace       used 93287K, committed 94016K, reserved 1130496K
  class space    used 12573K, committed 13056K, reserved 1048576K
}
Event: 7030.815 GC heap before
{Heap before GC invocations=245 (full 113):
 garbage-first heap   total 524288K, used 138754K [0x0000000701800000, 0x0000000800000000)
  region size 2048K, 8 young (16384K), 0 survivors (0K)
 Metaspace       used 93298K, committed 94016K, reserved 1130496K
  class space    used 12573K, committed 13056K, reserved 1048576K
}
Event: 7030.816 GC heap after
{Heap after GC invocations=246 (full 113):
 garbage-first heap   total 524288K, used 124740K [0x0000000701800000, 0x0000000800000000)
  region size 2048K, 1 young (2048K), 1 survivors (2048K)
 Metaspace       used 93298K, committed 94016K, reserved 1130496K
  class space    used 12573K, committed 13056K, reserved 1048576K
}
Event: 7032.156 GC heap before
{Heap before GC invocations=246 (full 113):
 garbage-first heap   total 524288K, used 145220K [0x0000000701800000, 0x0000000800000000)
  region size 2048K, 8 young (16384K), 1 survivors (2048K)
 Metaspace       used 93320K, committed 94080K, reserved 1130496K
  class space    used 12573K, committed 13056K, reserved 1048576K
}
Event: 7032.219 GC heap after
{Heap after GC invocations=247 (full 114):
 garbage-first heap   total 524288K, used 116144K [0x0000000701800000, 0x0000000800000000)
  region size 2048K, 0 young (0K), 0 survivors (0K)
 Metaspace       used 93320K, committed 94080K, reserved 1130496K
  class space    used 12573K, committed 13056K, reserved 1048576K
}
Event: 7035.492 GC heap before
{Heap before GC invocations=247 (full 114):
 garbage-first heap   total 524288K, used 173488K [0x0000000701800000, 0x0000000800000000)
  region size 2048K, 26 young (53248K), 0 survivors (0K)
 Metaspace       used 93357K, committed 94080K, reserved 1130496K
  class space    used 12573K, committed 13056K, reserved 1048576K
}
Event: 7035.494 GC heap after
{Heap after GC invocations=248 (full 114):
 garbage-first heap   total 524288K, used 122850K [0x0000000701800000, 0x0000000800000000)
  region size 2048K, 1 young (2048K), 1 survivors (2048K)
 Metaspace       used 93357K, committed 94080K, reserved 1130496K
  class space    used 12573K, committed 13056K, reserved 1048576K
}
Event: 7040.794 GC heap before
{Heap before GC invocations=248 (full 114):
 garbage-first heap   total 524288K, used 204770K [0x0000000701800000, 0x0000000800000000)
  region size 2048K, 40 young (81920K), 1 survivors (2048K)
 Metaspace       used 93458K, committed 94144K, reserved 1130496K
  class space    used 12590K, committed 13056K, reserved 1048576K
}
Event: 7040.796 GC heap after
{Heap after GC invocations=249 (full 114):
 garbage-first heap   total 524288K, used 120926K [0x0000000701800000, 0x0000000800000000)
  region size 2048K, 1 young (2048K), 1 survivors (2048K)
 Metaspace       used 93458K, committed 94144K, reserved 1130496K
  class space    used 12590K, committed 13056K, reserved 1048576K
}
Event: 7048.958 GC heap before
{Heap before GC invocations=249 (full 114):
 garbage-first heap   total 524288K, used 200798K [0x0000000701800000, 0x0000000800000000)
  region size 2048K, 40 young (81920K), 1 survivors (2048K)
 Metaspace       used 93476K, committed 94144K, reserved 1130496K
  class space    used 12590K, committed 13056K, reserved 1048576K
}
Event: 7048.959 GC heap after
{Heap after GC invocations=250 (full 114):
 garbage-first heap   total 524288K, used 118936K [0x0000000701800000, 0x0000000800000000)
  region size 2048K, 1 young (2048K), 1 survivors (2048K)
 Metaspace       used 93476K, committed 94144K, reserved 1130496K
  class space    used 12590K, committed 13056K, reserved 1048576K
}
Event: 7062.470 GC heap before
{Heap before GC invocations=250 (full 114):
 garbage-first heap   total 524288K, used 198808K [0x0000000701800000, 0x0000000800000000)
  region size 2048K, 40 young (81920K), 1 survivors (2048K)
 Metaspace       used 93480K, committed 94144K, reserved 1130496K
  class space    used 12590K, committed 13056K, reserved 1048576K
}
Event: 7062.472 GC heap after
{Heap after GC invocations=251 (full 114):
 garbage-first heap   total 524288K, used 118738K [0x0000000701800000, 0x0000000800000000)
  region size 2048K, 1 young (2048K), 1 survivors (2048K)
 Metaspace       used 93480K, committed 94144K, reserved 1130496K
  class space    used 12590K, committed 13056K, reserved 1048576K
}
Event: 7078.074 GC heap before
{Heap before GC invocations=251 (full 114):
 garbage-first heap   total 524288K, used 198610K [0x0000000701800000, 0x0000000800000000)
  region size 2048K, 40 young (81920K), 1 survivors (2048K)
 Metaspace       used 93495K, committed 94144K, reserved 1130496K
  class space    used 12590K, committed 13056K, reserved 1048576K
}
Event: 7078.076 GC heap after
{Heap after GC invocations=252 (full 114):
 garbage-first heap   total 524288K, used 118739K [0x0000000701800000, 0x0000000800000000)
  region size 2048K, 1 young (2048K), 1 survivors (2048K)
 Metaspace       used 93495K, committed 94144K, reserved 1130496K
  class space    used 12590K, committed 13056K, reserved 1048576K
}
Event: 7083.062 GC heap before
{Heap before GC invocations=252 (full 114):
 garbage-first heap   total 524288K, used 198611K [0x0000000701800000, 0x0000000800000000)
  region size 2048K, 40 young (81920K), 1 survivors (2048K)
 Metaspace       used 93888K, committed 94528K, reserved 1130496K
  class space    used 12635K, committed 13056K, reserved 1048576K
}
Event: 7083.064 GC heap after
{Heap after GC invocations=253 (full 114):
 garbage-first heap   total 524288K, used 118823K [0x0000000701800000, 0x0000000800000000)
  region size 2048K, 1 young (2048K), 1 survivors (2048K)
 Metaspace       used 93888K, committed 94528K, reserved 1130496K
  class space    used 12635K, committed 13056K, reserved 1048576K
}

